This file contains any messages produced by compilers while
running configure, to aid debugging if configure makes a mistake.

It was created by compostela configure 0.1, which was
generated by GNU Autoconf 2.61.  Invocation command line was

  $ ./configure 

## --------- ##
## Platform. ##
## --------- ##

hostname = shirley
uname -m = x86_64
uname -r = 2.6.35.10
uname -s = Linux
uname -v = #1 SMP Fri Jan 7 00:44:45 JST 2011

/usr/bin/uname -p = unknown
/bin/uname -X     = unknown

/bin/arch              = unknown
/usr/bin/arch -k       = unknown
/usr/convex/getsysinfo = unknown
/usr/bin/hostinfo      = unknown
/bin/machine           = unknown
/usr/bin/oslevel       = unknown
/bin/universe          = unknown

PATH: /usr/local/bin
PATH: /usr/bin
PATH: /bin
PATH: /usr/games


## ----------- ##
## Core tests. ##
## ----------- ##

configure:1773: checking for a BSD-compatible install
configure:1829: result: /usr/bin/install -c
configure:1840: checking whether build environment is sane
configure:1883: result: yes
configure:1911: checking for a thread-safe mkdir -p
configure:1950: result: /bin/mkdir -p
configure:1963: checking for gawk
configure:1993: result: no
configure:1963: checking for mawk
configure:1979: found /usr/bin/mawk
configure:1990: result: mawk
configure:2001: checking whether make sets $(MAKE)
configure:2022: result: yes
configure:2263: checking for gcc
configure:2279: found /usr/bin/gcc
configure:2290: result: gcc
configure:2528: checking for C compiler version
configure:2535: gcc --version >&5
gcc (Debian 4.3.2-1.1) 4.3.2
Copyright (C) 2008 Free Software Foundation, Inc.
This is free software; see the source for copying conditions.  There is NO
warranty; not even for MERCHANTABILITY or FITNESS FOR A PARTICULAR PURPOSE.

configure:2538: $? = 0
configure:2545: gcc -v >&5
Using built-in specs.
Target: x86_64-linux-gnu
Configured with: ../src/configure -v --with-pkgversion='Debian 4.3.2-1.1' --with-bugurl=file:///usr/share/doc/gcc-4.3/README.Bugs --enable-languages=c,c++,fortran,objc,obj-c++ --prefix=/usr --enable-shared --with-system-zlib --libexecdir=/usr/lib --without-included-gettext --enable-threads=posix --enable-nls --with-gxx-include-dir=/usr/include/c++/4.3 --program-suffix=-4.3 --enable-clocale=gnu --enable-libstdcxx-debug --enable-objc-gc --enable-mpfr --enable-cld --enable-checking=release --build=x86_64-linux-gnu --host=x86_64-linux-gnu --target=x86_64-linux-gnu
Thread model: posix
gcc version 4.3.2 (Debian 4.3.2-1.1) 
configure:2548: $? = 0
configure:2555: gcc -V >&5
gcc: '-V' option must have argument
configure:2558: $? = 1
configure:2581: checking for C compiler default output file name
configure:2608: gcc    conftest.c  >&5
configure:2611: $? = 0
configure:2649: result: a.out
configure:2666: checking whether the C compiler works
configure:2676: ./a.out
configure:2679: $? = 0
configure:2696: result: yes
configure:2703: checking whether we are cross compiling
configure:2705: result: no
configure:2708: checking for suffix of executables
configure:2715: gcc -o conftest    conftest.c  >&5
configure:2718: $? = 0
configure:2742: result: 
configure:2748: checking for suffix of object files
configure:2774: gcc -c   conftest.c >&5
configure:2777: $? = 0
configure:2800: result: o
configure:2804: checking whether we are using the GNU C compiler
configure:2833: gcc -c   conftest.c >&5
configure:2839: $? = 0
configure:2856: result: yes
configure:2861: checking whether gcc accepts -g
configure:2891: gcc -c -g  conftest.c >&5
configure:2897: $? = 0
configure:2996: result: yes
configure:3013: checking for gcc option to accept ISO C89
configure:3087: gcc  -c -g -O2  conftest.c >&5
configure:3093: $? = 0
configure:3116: result: none needed
configure:3145: checking for style of include used by make
configure:3173: result: GNU
configure:3198: checking dependency style of gcc
configure:3289: result: gcc3
configure:3314: checking how to run the C preprocessor
configure:3354: gcc -E  conftest.c
configure:3360: $? = 0
configure:3391: gcc -E  conftest.c
conftest.c:10:28: error: ac_nonexistent.h: No such file or directory
configure:3397: $? = 1
configure: failed program was:
| /* confdefs.h.  */
| #define PACKAGE_NAME "compostela"
| #define PACKAGE_TARNAME "compostela"
| #define PACKAGE_VERSION "0.1"
| #define PACKAGE_STRING "compostela 0.1"
| #define PACKAGE_BUGREPORT "hironobu.k@me.com"
| #define PACKAGE "compostela"
| #define VERSION "0.1"
| /* end confdefs.h.  */
| #include <ac_nonexistent.h>
configure:3430: result: gcc -E
configure:3459: gcc -E  conftest.c
configure:3465: $? = 0
configure:3496: gcc -E  conftest.c
conftest.c:10:28: error: ac_nonexistent.h: No such file or directory
configure:3502: $? = 1
configure: failed program was:
| /* confdefs.h.  */
| #define PACKAGE_NAME "compostela"
| #define PACKAGE_TARNAME "compostela"
| #define PACKAGE_VERSION "0.1"
| #define PACKAGE_STRING "compostela 0.1"
| #define PACKAGE_BUGREPORT "hironobu.k@me.com"
| #define PACKAGE "compostela"
| #define VERSION "0.1"
| /* end confdefs.h.  */
| #include <ac_nonexistent.h>
configure:3540: checking for grep that handles long lines and -e
configure:3614: result: /bin/grep
configure:3619: checking for egrep
configure:3697: result: /bin/grep -E
configure:3702: checking for ANSI C header files
configure:3732: gcc -c -g -O2  conftest.c >&5
configure:3738: $? = 0
configure:3837: gcc -o conftest -g -O2   conftest.c  >&5
configure:3840: $? = 0
configure:3846: ./conftest
configure:3849: $? = 0
configure:3866: result: yes
configure:3890: checking for sys/types.h
configure:3911: gcc -c -g -O2  conftest.c >&5
configure:3917: $? = 0
configure:3933: result: yes
configure:3890: checking for sys/stat.h
configure:3911: gcc -c -g -O2  conftest.c >&5
configure:3917: $? = 0
configure:3933: result: yes
configure:3890: checking for stdlib.h
configure:3911: gcc -c -g -O2  conftest.c >&5
configure:3917: $? = 0
configure:3933: result: yes
configure:3890: checking for string.h
configure:3911: gcc -c -g -O2  conftest.c >&5
configure:3917: $? = 0
configure:3933: result: yes
configure:3890: checking for memory.h
configure:3911: gcc -c -g -O2  conftest.c >&5
configure:3917: $? = 0
configure:3933: result: yes
configure:3890: checking for strings.h
configure:3911: gcc -c -g -O2  conftest.c >&5
configure:3917: $? = 0
configure:3933: result: yes
configure:3890: checking for inttypes.h
configure:3911: gcc -c -g -O2  conftest.c >&5
configure:3917: $? = 0
configure:3933: result: yes
configure:3890: checking for stdint.h
configure:3911: gcc -c -g -O2  conftest.c >&5
configure:3917: $? = 0
configure:3933: result: yes
configure:3890: checking for unistd.h
configure:3911: gcc -c -g -O2  conftest.c >&5
configure:3917: $? = 0
configure:3933: result: yes
configure:3963: checking fcntl.h usability
configure:3980: gcc -c -g -O2  conftest.c >&5
configure:3986: $? = 0
configure:4000: result: yes
configure:4004: checking fcntl.h presence
configure:4019: gcc -E  conftest.c
configure:4025: $? = 0
configure:4039: result: yes
configure:4072: checking for fcntl.h
configure:4080: result: yes
configure:3963: checking netdb.h usability
configure:3980: gcc -c -g -O2  conftest.c >&5
configure:3986: $? = 0
configure:4000: result: yes
configure:4004: checking netdb.h presence
configure:4019: gcc -E  conftest.c
configure:4025: $? = 0
configure:4039: result: yes
configure:4072: checking for netdb.h
configure:4080: result: yes
configure:3953: checking for stdlib.h
configure:3959: result: yes
configure:3953: checking for string.h
configure:3959: result: yes
configure:4095: checking for an ANSI C-conforming const
configure:4170: gcc -c -g -O2  conftest.c >&5
configure:4176: $? = 0
configure:4191: result: yes
configure:4201: checking for off_t
configure:4231: gcc -c -g -O2  conftest.c >&5
configure:4237: $? = 0
configure:4252: result: yes
configure:4264: checking for ssize_t
configure:4294: gcc -c -g -O2  conftest.c >&5
configure:4300: $? = 0
configure:4315: result: yes
configure:4334: checking for stdlib.h
configure:4340: result: yes
configure:4474: checking for GNU libc compatible malloc
configure:4508: gcc -o conftest -g -O2   conftest.c  >&5
configure:4511: $? = 0
configure:4517: ./conftest
configure:4520: $? = 0
configure:4536: result: yes
configure:4570: checking for memset
configure:4626: gcc -o conftest -g -O2   conftest.c  >&5
conftest.c:49: warning: conflicting types for built-in function 'memset'
configure:4632: $? = 0
configure:4650: result: yes
configure:4570: checking for socket
configure:4626: gcc -o conftest -g -O2   conftest.c  >&5
configure:4632: $? = 0
configure:4650: result: yes
configure:4570: checking for strdup
configure:4626: gcc -o conftest -g -O2   conftest.c  >&5
conftest.c:51: warning: conflicting types for built-in function 'strdup'
configure:4632: $? = 0
configure:4650: result: yes
configure:4777: creating ./config.status

## ---------------------- ##
## Running config.status. ##
## ---------------------- ##

This file was extended by compostela config.status 0.1, which was
generated by GNU Autoconf 2.61.  Invocation command line was

  CONFIG_FILES    = 
  CONFIG_HEADERS  = 
  CONFIG_LINKS    = 
  CONFIG_COMMANDS = 
  $ ./config.status 

on shirley

config.status:635: creating Makefile
config.status:635: creating config.h
config.status:870: config.h is unchanged
config.status:917: executing depfiles commands

## ---------------- ##
## Cache variables. ##
## ---------------- ##

ac_cv_c_compiler_gnu=yes
ac_cv_c_const=yes
ac_cv_env_CC_set=
ac_cv_env_CC_value=
ac_cv_env_CFLAGS_set=
ac_cv_env_CFLAGS_value=
ac_cv_env_CPPFLAGS_set=
ac_cv_env_CPPFLAGS_value=
ac_cv_env_CPP_set=
ac_cv_env_CPP_value=
ac_cv_env_LDFLAGS_set=
ac_cv_env_LDFLAGS_value=
ac_cv_env_LIBS_set=
ac_cv_env_LIBS_value=
ac_cv_env_build_alias_set=
ac_cv_env_build_alias_value=
ac_cv_env_host_alias_set=
ac_cv_env_host_alias_value=
ac_cv_env_target_alias_set=
ac_cv_env_target_alias_value=
ac_cv_func_malloc_0_nonnull=yes
ac_cv_func_memset=yes
ac_cv_func_socket=yes
ac_cv_func_strdup=yes
ac_cv_header_fcntl_h=yes
ac_cv_header_inttypes_h=yes
ac_cv_header_memory_h=yes
ac_cv_header_netdb_h=yes
ac_cv_header_stdc=yes
ac_cv_header_stdint_h=yes
ac_cv_header_stdlib_h=yes
ac_cv_header_string_h=yes
ac_cv_header_strings_h=yes
ac_cv_header_sys_stat_h=yes
ac_cv_header_sys_types_h=yes
ac_cv_header_unistd_h=yes
ac_cv_objext=o
ac_cv_path_EGREP='/bin/grep -E'
ac_cv_path_GREP=/bin/grep
ac_cv_path_install='/usr/bin/install -c'
ac_cv_path_mkdir=/bin/mkdir
ac_cv_prog_AWK=mawk
ac_cv_prog_CPP='gcc -E'
ac_cv_prog_ac_ct_CC=gcc
ac_cv_prog_cc_c89=
ac_cv_prog_cc_g=yes
ac_cv_prog_make_make_set=yes
ac_cv_type_off_t=yes
ac_cv_type_ssize_t=yes
am_cv_CC_dependencies_compiler_type=gcc3

## ----------------- ##
## Output variables. ##
## ----------------- ##

ACLOCAL='${SHELL} /home/hironobu/Projects/compostela/missing --run aclocal-1.10'
AMDEPBACKSLASH='\'
AMDEP_FALSE='#'
AMDEP_TRUE=''
AMTAR='${SHELL} /home/hironobu/Projects/compostela/missing --run tar'
AUTOCONF='${SHELL} /home/hironobu/Projects/compostela/missing --run autoconf'
AUTOHEADER='${SHELL} /home/hironobu/Projects/compostela/missing --run autoheader'
AUTOMAKE='${SHELL} /home/hironobu/Projects/compostela/missing --run automake-1.10'
AWK='mawk'
CC='gcc'
CCDEPMODE='depmode=gcc3'
CFLAGS='-g -O2'
CPP='gcc -E'
CPPFLAGS=''
CYGPATH_W='echo'
DEFS='-DHAVE_CONFIG_H'
DEPDIR='.deps'
ECHO_C=''
ECHO_N='-n'
ECHO_T=''
EGREP='/bin/grep -E'
EXEEXT=''
GREP='/bin/grep'
INSTALL_DATA='${INSTALL} -m 644'
INSTALL_PROGRAM='${INSTALL}'
INSTALL_SCRIPT='${INSTALL}'
INSTALL_STRIP_PROGRAM='$(install_sh) -c -s'
LDFLAGS=''
LIBOBJS=''
LIBS=''
LTLIBOBJS=''
MAKEINFO='${SHELL} /home/hironobu/Projects/compostela/missing --run makeinfo'
OBJEXT='o'
PACKAGE='compostela'
PACKAGE_BUGREPORT='hironobu.k@me.com'
PACKAGE_NAME='compostela'
PACKAGE_STRING='compostela 0.1'
PACKAGE_TARNAME='compostela'
PACKAGE_VERSION='0.1'
PATH_SEPARATOR=':'
SET_MAKE=''
SHELL='/bin/sh'
STRIP=''
VERSION='0.1'
ac_ct_CC='gcc'
am__fastdepCC_FALSE='#'
am__fastdepCC_TRUE=''
am__include='include'
am__isrc=''
am__leading_dot='.'
am__quote=''
am__tar='${AMTAR} chof - "$$tardir"'
am__untar='${AMTAR} xf -'
bindir='${exec_prefix}/bin'
build_alias=''
datadir='${datarootdir}'
datarootdir='${prefix}/share'
docdir='${datarootdir}/doc/${PACKAGE_TARNAME}'
dvidir='${docdir}'
exec_prefix='${prefix}'
host_alias=''
htmldir='${docdir}'
includedir='${prefix}/include'
infodir='${datarootdir}/info'
install_sh='$(SHELL) /home/hironobu/Projects/compostela/install-sh'
libdir='${exec_prefix}/lib'
libexecdir='${exec_prefix}/libexec'
localedir='${datarootdir}/locale'
localstatedir='${prefix}/var'
mandir='${datarootdir}/man'
mkdir_p='/bin/mkdir -p'
oldincludedir='/usr/include'
pdfdir='${docdir}'
prefix='/usr/local'
program_transform_name='s,x,x,'
psdir='${docdir}'
sbindir='${exec_prefix}/sbin'
sharedstatedir='${prefix}/com'
sysconfdir='${prefix}/etc'
target_alias=''

## ----------- ##
## confdefs.h. ##
## ----------- ##

#define PACKAGE_NAME "compostela"
#define PACKAGE_TARNAME "compostela"
#define PACKAGE_VERSION "0.1"
#define PACKAGE_STRING "compostela 0.1"
#define PACKAGE_BUGREPORT "hironobu.k@me.com"
#define PACKAGE "compostela"
#define VERSION "0.1"
#define STDC_HEADERS 1
#define HAVE_SYS_TYPES_H 1
#define HAVE_SYS_STAT_H 1
#define HAVE_STDLIB_H 1
#define HAVE_STRING_H 1
#define HAVE_MEMORY_H 1
#define HAVE_STRINGS_H 1
#define HAVE_INTTYPES_H 1
#define HAVE_STDINT_H 1
#define HAVE_UNISTD_H 1
#define HAVE_FCNTL_H 1
#define HAVE_NETDB_H 1
#define HAVE_STDLIB_H 1
#define HAVE_STRING_H 1
#define HAVE_STDLIB_H 1
#define HAVE_MALLOC 1
#define HAVE_MEMSET 1
#define HAVE_SOCKET 1
#define HAVE_STRDUP 1

configure: exit 0

## ---------------------- ##
## Running config.status. ##
## ---------------------- ##

This file was extended by compostela config.status 0.1, which was
generated by GNU Autoconf 2.61.  Invocation command line was

  CONFIG_FILES    = 
  CONFIG_HEADERS  = 
  CONFIG_LINKS    = 
  CONFIG_COMMANDS = 
  $ ./config.status Makefile depfiles

on shirley

config.status:635: creating Makefile
config.status:917: executing depfiles commands

## ---------------------- ##
## Running config.status. ##
## ---------------------- ##

This file was extended by compostela config.status 0.1, which was
generated by GNU Autoconf 2.61.  Invocation command line was

  CONFIG_FILES    = 
  CONFIG_HEADERS  = 
  CONFIG_LINKS    = 
  CONFIG_COMMANDS = 
  $ ./config.status Makefile depfiles

on shirley

config.status:635: creating Makefile
config.status:917: executing depfiles commands

## ---------------------- ##
## Running config.status. ##
## ---------------------- ##

This file was extended by compostela config.status 0.1, which was
generated by GNU Autoconf 2.61.  Invocation command line was

  CONFIG_FILES    = 
  CONFIG_HEADERS  = 
  CONFIG_LINKS    = 
  CONFIG_COMMANDS = 
  $ ./config.status Makefile depfiles

on shirley

config.status:635: creating Makefile
config.status:917: executing depfiles commands
